# JRE version: OpenJDK Runtime Environment (11.0.10) (build 11.0.10+0-b96-7249189)
# Java VM: OpenJDK 64-Bit Server VM (11.0.10+0-b96-7249189, mixed mode, tiered, compressed oops, g1 gc, windows-amd64)
Heap:
 garbage-first heap   total 196608K, used 140540K [0x0000000080000000, 0x0000000100000000)
  region size 1024K, 4 young (4096K), 3 survivors (3072K)
 Metaspace       used 121575K, capacity 125523K, committed 125696K, reserved 1159168K
  class space    used 15440K, capacity 16784K, committed 16896K, reserved 1048576K
GC Heap History (20 events):
Event: 240.439 GC heap before
{Heap before GC invocations=77 (full 0):
 garbage-first heap   total 196608K, used 163041K [0x0000000080000000, 0x0000000100000000)
  region size 1024K, 30 young (30720K), 3 survivors (3072K)
 Metaspace       used 118025K, capacity 121728K, committed 121984K, reserved 1155072K
  class space    used 14967K, capacity 16248K, committed 16256K, reserved 1048576K
}
Event: 240.448 GC heap after
{Heap after GC invocations=78 (full 0):
 garbage-first heap   total 196608K, used 137776K [0x0000000080000000, 0x0000000100000000)
  region size 1024K, 3 young (3072K), 3 survivors (3072K)
 Metaspace       used 118025K, capacity 121728K, committed 121984K, reserved 1155072K
  class space    used 14967K, capacity 16248K, committed 16256K, reserved 1048576K
}
Event: 240.519 GC heap before
{Heap before GC invocations=78 (full 0):
 garbage-first heap   total 196608K, used 139824K [0x0000000080000000, 0x0000000100000000)
  region size 1024K, 6 young (6144K), 3 survivors (3072K)
 Metaspace       used 118030K, capacity 121792K, committed 121984K, reserved 1155072K
  class space    used 14967K, capacity 16248K, committed 16256K, reserved 1048576K
}
Event: 240.529 GC heap after
{Heap after GC invocations=79 (full 0):
 garbage-first heap   total 196608K, used 138153K [0x0000000080000000, 0x0000000100000000)
  region size 1024K, 1 young (1024K), 1 survivors (1024K)
 Metaspace       used 118030K, capacity 121792K, committed 121984K, reserved 1155072K
  class space    used 14967K, capacity 16248K, committed 16256K, reserved 1048576K
}
Event: 305.280 GC heap before
{Heap before GC invocations=80 (full 0):
 garbage-first heap   total 196608K, used 168873K [0x0000000080000000, 0x0000000100000000)
  region size 1024K, 27 young (27648K), 1 survivors (1024K)
 Metaspace       used 118167K, capacity 121886K, committed 122112K, reserved 1155072K
  class space    used 14980K, capacity 16272K, committed 16384K, reserved 1048576K
}
Event: 305.284 GC heap after
{Heap after GC invocations=81 (full 0):
 garbage-first heap   total 196608K, used 139561K [0x0000000080000000, 0x0000000100000000)
  region size 1024K, 2 young (2048K), 2 survivors (2048K)
 Metaspace       used 118167K, capacity 121886K, committed 122112K, reserved 1155072K
  class space    used 14980K, capacity 16272K, committed 16384K, reserved 1048576K
}
Event: 321.043 GC heap before
{Heap before GC invocations=81 (full 0):
 garbage-first heap   total 196608K, used 165161K [0x0000000080000000, 0x0000000100000000)
  region size 1024K, 28 young (28672K), 2 survivors (2048K)
 Metaspace       used 118386K, capacity 122120K, committed 122368K, reserved 1155072K
  class space    used 15006K, capacity 16332K, committed 16384K, reserved 1048576K
}
Event: 321.062 GC heap after
{Heap after GC invocations=82 (full 0):
 garbage-first heap   total 196608K, used 142023K [0x0000000080000000, 0x0000000100000000)
  region size 1024K, 4 young (4096K), 4 survivors (4096K)
 Metaspace       used 118386K, capacity 122120K, committed 122368K, reserved 1155072K
  class space    used 15006K, capacity 16332K, committed 16384K, reserved 1048576K
}
Event: 321.931 GC heap before
{Heap before GC invocations=83 (full 0):
 garbage-first heap   total 196608K, used 172743K [0x0000000080000000, 0x0000000100000000)
  region size 1024K, 29 young (29696K), 4 survivors (4096K)
 Metaspace       used 119087K, capacity 122872K, committed 123008K, reserved 1155072K
  class space    used 15093K, capacity 16410K, committed 16512K, reserved 1048576K
}
Event: 321.946 GC heap after
{Heap after GC invocations=84 (full 0):
 garbage-first heap   total 196608K, used 145703K [0x0000000080000000, 0x0000000100000000)
  region size 1024K, 4 young (4096K), 4 survivors (4096K)
 Metaspace       used 119087K, capacity 122872K, committed 123008K, reserved 1155072K
  class space    used 15093K, capacity 16410K, committed 16512K, reserved 1048576K
}
Event: 322.017 GC heap before
{Heap before GC invocations=84 (full 0):
 garbage-first heap   total 196608K, used 150823K [0x0000000080000000, 0x0000000100000000)
  region size 1024K, 9 young (9216K), 4 survivors (4096K)
 Metaspace       used 119259K, capacity 123023K, committed 123264K, reserved 1157120K
  class space    used 15109K, capacity 16415K, committed 16512K, reserved 1048576K
}
Event: 322.028 GC heap after
{Heap after GC invocations=85 (full 0):
 garbage-first heap   total 196608K, used 145999K [0x0000000080000000, 0x0000000100000000)
  region size 1024K, 1 young (1024K), 1 survivors (1024K)
 Metaspace       used 119259K, capacity 123023K, committed 123264K, reserved 1157120K
  class space    used 15109K, capacity 16415K, committed 16512K, reserved 1048576K
}
Event: 322.724 GC heap before
{Heap before GC invocations=85 (full 0):
 garbage-first heap   total 196608K, used 168527K [0x0000000080000000, 0x0000000100000000)
  region size 1024K, 23 young (23552K), 1 survivors (1024K)
 Metaspace       used 120460K, capacity 124380K, committed 124544K, reserved 1157120K
  class space    used 15313K, capacity 16642K, committed 16768K, reserved 1048576K
}
Event: 322.744 GC heap after
{Heap after GC invocations=86 (full 0):
 garbage-first heap   total 196608K, used 147847K [0x0000000080000000, 0x0000000100000000)
  region size 1024K, 3 young (3072K), 3 survivors (3072K)
 Metaspace       used 120460K, capacity 124380K, committed 124544K, reserved 1157120K
  class space    used 15313K, capacity 16642K, committed 16768K, reserved 1048576K
}
Event: 323.379 GC heap before
{Heap before GC invocations=87 (full 0):
 garbage-first heap   total 196608K, used 169351K [0x0000000080000000, 0x0000000100000000)
  region size 1024K, 24 young (24576K), 3 survivors (3072K)
 Metaspace       used 120462K, capacity 124380K, committed 124544K, reserved 1157120K
  class space    used 15313K, capacity 16642K, committed 16768K, reserved 1048576K
}
Event: 323.390 GC heap after
{Heap after GC invocations=88 (full 0):
 garbage-first heap   total 196608K, used 150022K [0x0000000080000000, 0x0000000100000000)
  region size 1024K, 3 young (3072K), 3 survivors (3072K)
 Metaspace       used 120462K, capacity 124380K, committed 124544K, reserved 1157120K
  class space    used 15313K, capacity 16642K, committed 16768K, reserved 1048576K
}
Event: 323.471 GC heap before
{Heap before GC invocations=88 (full 0):
 garbage-first heap   total 196608K, used 156166K [0x0000000080000000, 0x0000000100000000)
  region size 1024K, 9 young (9216K), 3 survivors (3072K)
 Metaspace       used 120462K, capacity 124380K, committed 124544K, reserved 1157120K
  class space    used 15313K, capacity 16642K, committed 16768K, reserved 1048576K
}
Event: 323.489 GC heap after
{Heap after GC invocations=89 (full 0):
 garbage-first heap   total 196608K, used 138458K [0x0000000080000000, 0x0000000100000000)
  region size 1024K, 1 young (1024K), 1 survivors (1024K)
 Metaspace       used 120462K, capacity 124380K, committed 124544K, reserved 1157120K
  class space    used 15313K, capacity 16642K, committed 16768K, reserved 1048576K
}
Event: 324.106 GC heap before
{Heap before GC invocations=89 (full 0):
 garbage-first heap   total 196608K, used 162010K [0x0000000080000000, 0x0000000100000000)
  region size 1024K, 25 young (25600K), 1 survivors (1024K)
 Metaspace       used 121465K, capacity 125443K, committed 125696K, reserved 1159168K
  class space    used 15424K, capacity 16779K, committed 16896K, reserved 1048576K
}
Event: 324.119 GC heap after
{Heap after GC invocations=90 (full 0):
 garbage-first heap   total 196608K, used 140540K [0x0000000080000000, 0x0000000100000000)
  region size 1024K, 3 young (3072K), 3 survivors (3072K)
 Metaspace       used 121465K, capacity 125443K, committed 125696K, reserved 1159168K
  class space    used 15424K, capacity 16779K, committed 16896K, reserved 1048576K
}

